#
# A fatal error has been detected by the Java Runtime Environment:
#
#  EXCEPTION_ACCESS_VIOLATION (0xc0000005) at pc=0x0000000072a2fad8, pid=780, tid=0x00000000000004c4
#
# JRE version: Java(TM) SE Runtime Environment (8.0_251-b08) (build 1.8.0_251-b08)
# Java VM: Java HotSpot(TM) 64-Bit Server VM (25.251-b08 mixed mode windows-amd64 compressed oops)
# Problematic frame:
# V  [jvm.dll+0x12fad8]
#
# Failed to write core dump. Minidumps are not enabled by default on client versions of Windows
#
# If you would like to submit a bug report, please visit:
#   http://bugreport.java.com/bugreport/crash.jsp
#

---------------  T H R E A D  ---------------

Current thread (0x000000005769c000):  VMThread [stack: 0x00000000587b0000,0x00000000588b0000] [id=1220]

siginfo: ExceptionCode=0xc0000005, reading address 0xffffffffffffffff

Registers:
RAX=0x000000005769c000, RBX=0x0000000058cf0ec0, RCX=0x000000005715df98, RDX=0x000000005715dfd8
RSP=0x00000000588af5e0, RBP=0x0000000058c1a590, RSI=0x000000005769c000, RDI=0x000000005715dfd8
R8 =0x000000000000002d, R9 =0x000000000000002d, R10=0x0000000000000000, R11=0x0000ca005715e0b0
R12=0x0000000072a2fbe0, R13=0x0000000016d97078, R14=0x0000000057585400, R15=0x0000000002311930
RIP=0x0000000072a2fad8, EFLAGS=0x0000000000010202

Top of Stack: (sp=0x00000000588af5e0)
0x00000000588af5e0:   00000000022e7af0 0000000058c1a590
0x00000000588af5f0:   000000005769c000 000000005717ff88
0x00000000588af600:   000000005717ff88 000000005769c000
0x00000000588af610:   000000005769c000 000000005769b690
0x00000000588af620:   000000005715dfd8 0000000072a2fc1d
0x00000000588af630:   000000005769c868 00000000000000d8
0x00000000588af640:   00000000588af840 00000000729015d6
0x00000000588af650:   000000005983f5e0 0000000072abee74
0x00000000588af660:   00000000588af710 000000005715dfd8
0x00000000588af670:   0000000000000000 00000000745439e1
0x00000000588af680:   00000000589da4a0 0000000074578d94
0x00000000588af690:   0000000000000100 0000000002313880
0x00000000588af6a0:   00000000023d9891 0000000057585400
0x00000000588af6b0:   00000000575857d8 00000000589da470
0x00000000588af6c0:   0000000058c1a590 00000000575857d8
0x00000000588af6d0:   00000000000003d8 000000005983f5e0 

Instructions: (pc=0x0000000072a2fad8)
0x0000000072a2fab8:   00 74 0d 48 8b ce e8 0d 9b 14 00 45 33 db eb 04
0x0000000072a2fac8:   4c 8b 5f 18 48 83 7e 08 00 75 0a 4d 85 db 74 05
0x0000000072a2fad8:   66 41 ff 43 06 ff 05 ed 20 6d 00 48 8d 4c 24 30
0x0000000072a2fae8:   48 8b d6 e8 70 42 0e 00 48 8b 9e 40 01 00 00 8b 


Register to memory mapping:

RAX=0x000000005769c000 is an unknown value
RBX=0x0000000058cf0ec0 is an unknown value
RCX=0x000000005715df98 is pointing into metadata
RDX={method} {0x000000005715dfe0} 'main' '([Ljava/lang/String;)V' in 'Java0508/ex02_day01'
RSP=0x00000000588af5e0 is an unknown value
RBP=0x0000000058c1a590 is an unknown value
RSI=0x000000005769c000 is an unknown value
RDI={method} {0x000000005715dfe0} 'main' '([Ljava/lang/String;)V' in 'Java0508/ex02_day01'
R8 =0x000000000000002d is an unknown value
R9 =0x000000000000002d is an unknown value
R10=0x0000000000000000 is an unknown value
R11=0x0000ca005715e0b0 is an unknown value
R12=0x0000000072a2fbe0 is an unknown value
R13=0x0000000016d97078 is pointing into metadata
R14=0x0000000057585400 is an unknown value
R15=0x0000000002311930 is an unknown value


Stack: [0x00000000587b0000,0x00000000588b0000],  sp=0x00000000588af5e0,  free space=1021k
Native frames: (J=compiled Java code, j=interpreted, Vv=VM code, C=native code)
V  [jvm.dll+0x12fad8]
V  [jvm.dll+0x1bee74]
V  [jvm.dll+0x1bfbd7]
V  [jvm.dll+0x24d757]
V  [jvm.dll+0x24c9f6]
V  [jvm.dll+0x24ce91]
V  [jvm.dll+0x24d0ae]
V  [jvm.dll+0x2a001a]
C  [msvcr100.dll+0x21d9f]
C  [msvcr100.dll+0x21e3b]
C  [kernel32.dll+0x1556d]
C  [ntdll.dll+0x5372d]

VM_Operation (0x000000005983f570): ChangeBreakpoints, mode: safepoint, requested by thread 0x00000000589d4800


---------------  P R O C E S S  ---------------

Java Threads: ( => current thread )
  0x0000000058b37000 JavaThread "Service Thread" daemon [_thread_blocked, id=3676, stack(0x000000005a180000,0x000000005a280000)]
  0x00000000589f1000 JavaThread "C1 CompilerThread2" daemon [_thread_blocked, id=3192, stack(0x0000000059ed0000,0x0000000059fd0000)]
  0x0000000058aae000 JavaThread "C2 CompilerThread1" daemon [_thread_blocked, id=3644, stack(0x0000000059bf0000,0x0000000059cf0000)]
  0x0000000058aa6800 JavaThread "C2 CompilerThread0" daemon [_thread_blocked, id=1276, stack(0x0000000059d60000,0x0000000059e60000)]
  0x00000000589e0800 JavaThread "JDWP Command Reader" daemon [_thread_in_native, id=1928, stack(0x0000000059a70000,0x0000000059b70000)]
  0x00000000589df000 JavaThread "JDWP Event Helper Thread" daemon [_thread_blocked, id=3580, stack(0x0000000059890000,0x0000000059990000)]
  0x00000000589d4800 JavaThread "JDWP Transport Listener: dt_socket" daemon [_thread_blocked, id=3128, stack(0x0000000059740000,0x0000000059840000)]
  0x00000000589ba800 JavaThread "Attach Listener" daemon [_thread_blocked, id=1720, stack(0x0000000059190000,0x0000000059290000)]
  0x000000005770f800 JavaThread "Signal Dispatcher" daemon [_thread_blocked, id=3596, stack(0x0000000058f40000,0x0000000059040000)]
  0x00000000576eb800 JavaThread "Finalizer" daemon [_thread_blocked, id=3968, stack(0x00000000588b0000,0x00000000589b0000)]
  0x00000000576e3800 JavaThread "Reference Handler" daemon [_thread_blocked, id=3112, stack(0x0000000058600000,0x0000000058700000)]
  0x00000000023df000 JavaThread "main" [_thread_blocked, id=3572, stack(0x00000000025e0000,0x00000000026e0000)]

Other Threads:
=>0x000000005769c000 VMThread [stack: 0x00000000587b0000,0x00000000588b0000] [id=1220]
  0x0000000058b96000 WatcherThread [stack: 0x000000005a3a0000,0x000000005a4a0000] [id=2556]

VM state:at safepoint (normal execution)

VM Mutex/Monitor currently owned by a thread:  ([mutex/lock_event])
[0x00000000023dd590] Threads_lock - owner thread: 0x000000005769c000

heap address: 0x0000000081600000, size: 2026 MB, Compressed Oops mode: 32-bit
Narrow klass base: 0x0000000000000000, Narrow klass shift: 0
Compressed class space size: 1073741824 Address: 0x0000000016d10000

Heap:
 PSYoungGen      total 38400K, used 6094K [0x00000000d5d00000, 0x00000000d8780000, 0x0000000100000000)
  eden space 33280K, 18% used [0x00000000d5d00000,0x00000000d62f39f8,0x00000000d7d80000)
  from space 5120K, 0% used [0x00000000d8280000,0x00000000d8280000,0x00000000d8780000)
  to   space 5120K, 0% used [0x00000000d7d80000,0x00000000d7d80000,0x00000000d8280000)
 ParOldGen       total 87552K, used 0K [0x0000000081600000, 0x0000000086b80000, 0x00000000d5d00000)
  object space 87552K, 0% used [0x0000000081600000,0x0000000081600000,0x0000000086b80000)
 Metaspace       used 5022K, capacity 5138K, committed 5248K, reserved 1056768K
  class space    used 522K, capacity 561K, committed 640K, reserved 1048576K

Card table byte_map: [0x0000000011ba0000,0x0000000011fa0000] byte_map_base: 0x0000000011795000

Marking Bits: (ParMarkBitMap*) 0x000000007312af90
 Begin Bits: [0x00000000129c0000, 0x0000000014968000)
 End Bits:   [0x0000000014968000, 0x0000000016910000)

Polling page: 0x0000000000230000

CodeCache: size=245760Kb used=1376Kb max_used=1376Kb free=244383Kb
 bounds [0x00000000027e0000, 0x0000000002a50000, 0x00000000117e0000]
 total_blobs=416 nmethods=127 adapters=210
 compilation: enabled

Compilation events (10 events):
Event: 512.754 Thread 0x00000000589f1000  122       3       org.eclipse.jdt.launching.internal.org.objectweb.asm.SymbolTable::hash (20 bytes)
Event: 512.754 Thread 0x00000000589f1000 nmethod 122 0x0000000002936c10 code [0x0000000002936da0, 0x0000000002937128]
Event: 527.770 Thread 0x00000000589f1000  124       3       org.eclipse.jdt.launching.internal.org.objectweb.asm.ByteVector::put11 (52 bytes)
Event: 527.771 Thread 0x00000000589f1000 nmethod 124 0x00000000029372d0 code [0x0000000002937440, 0x00000000029376a8]
Event: 530.418 Thread 0x00000000589f1000  126   !   3       sun.instrument.TransformerManager::transform (98 bytes)
Event: 530.419 Thread 0x00000000589f1000 nmethod 126 0x0000000002937850 code [0x00000000029379e0, 0x0000000002937e88]
Event: 530.419 Thread 0x00000000589f1000  125       3       sun.instrument.InstrumentationImpl::transform (38 bytes)
Event: 530.419 Thread 0x00000000589f1000 nmethod 125 0x0000000002938190 code [0x0000000002938300, 0x00000000029385a8]
Event: 530.419 Thread 0x00000000589f1000  127       1       sun.instrument.TransformerManager::getSnapshotTransformerList (5 bytes)
Event: 530.419 Thread 0x00000000589f1000 nmethod 127 0x00000000029386d0 code [0x0000000002938820, 0x0000000002938930]

GC Heap History (0 events):
No events

Deoptimization events (0 events):
No events

Classes redefined (10 events):
Event: 282.478 Thread 0x000000005769c000 redefined class name=Java0508.ex02_day01, count=2
Event: 299.926 Thread 0x000000005769c000 redefined class name=Java0508.ex02_day01, count=3
Event: 306.927 Thread 0x000000005769c000 redefined class name=Java0508.ex02_day01, count=4
Event: 321.669 Thread 0x000000005769c000 redefined class name=Java0508.ex02_day01, count=5
Event: 345.157 Thread 0x000000005769c000 redefined class name=Java0508.ex02_day01, count=6
Event: 482.940 Thread 0x000000005769c000 redefined class name=Java0508.ex02_day01, count=7
Event: 512.753 Thread 0x000000005769c000 redefined class name=Java0508.ex02_day01, count=8
Event: 519.240 Thread 0x000000005769c000 redefined class name=Java0508.ex02_day01, count=9
Event: 527.772 Thread 0x000000005769c000 redefined class name=Java0508.ex02_day01, count=10
Event: 530.420 Thread 0x000000005769c000 redefined class name=Java0508.ex02_day01, count=11

Internal exceptions (2 events):
Event: 0.026 Thread 0x00000000023df000 Exception <a 'java/lang/NoSuchMethodError': Method sun.misc.Unsafe.defineClass(Ljava/lang/String;[BII)Ljava/lang/Class; name or signature does not match> (0x00000000d5d07cc0) thrown at [C:\jenkins\workspace\8-2-build-windows-amd64-cygwin\jdk8u251\737\hots
Event: 0.026 Thread 0x00000000023df000 Exception <a 'java/lang/NoSuchMethodError': Method sun.misc.Unsafe.prefetchRead(Ljava/lang/Object;J)V name or signature does not match> (0x00000000d5d07fa8) thrown at [C:\jenkins\workspace\8-2-build-windows-amd64-cygwin\jdk8u251\737\hotspot\src\share\vm\p

Events (10 events):
Event: 528.677 Executing VM operation: GetOwnedMonitorInfo done
Event: 528.677 Executing VM operation: GetCurrentContendedMonitor
Event: 528.677 Executing VM operation: GetCurrentContendedMonitor done
Event: 530.420 Executing VM operation: RedefineClasses
Event: 530.420 Executing VM operation: RedefineClasses done
Event: 530.432 Executing VM operation: GetOwnedMonitorInfo
Event: 530.432 Executing VM operation: GetOwnedMonitorInfo done
Event: 530.432 Executing VM operation: GetCurrentContendedMonitor
Event: 530.432 Executing VM operation: GetCurrentContendedMonitor done
Event: 985.833 Executing VM operation: ChangeBreakpoints


Dynamic libraries:
0x000000013f620000 - 0x000000013f657000 	D:\dev\java\jdk\bin\javaw.exe
0x0000000077b20000 - 0x0000000077cbf000 	C:\Windows\SYSTEM32\ntdll.dll
0x0000000077a00000 - 0x0000000077b1f000 	C:\Windows\system32\kernel32.dll
0x000007fefd6c0000 - 0x000007fefd727000 	C:\Windows\system32\KERNELBASE.dll
0x000007feffd20000 - 0x000007feffdfb000 	C:\Windows\system32\ADVAPI32.dll
0x000007fefe0c0000 - 0x000007fefe15f000 	C:\Windows\system32\msvcrt.dll
0x000007fefe160000 - 0x000007fefe17f000 	C:\Windows\SYSTEM32\sechost.dll
0x000007feff740000 - 0x000007feff86c000 	C:\Windows\system32\RPCRT4.dll
0x0000000077900000 - 0x00000000779fb000 	C:\Windows\system32\USER32.dll
0x000007feffcb0000 - 0x000007feffd17000 	C:\Windows\system32\GDI32.dll
0x000007feffe00000 - 0x000007feffe0e000 	C:\Windows\system32\LPK.dll
0x000007feff5d0000 - 0x000007feff69b000 	C:\Windows\system32\USP10.dll
0x000007fefbf90000 - 0x000007fefc185000 	C:\Windows\WinSxS\amd64_microsoft.windows.common-controls_6595b64144ccf1df_6.0.7601.24483_none_e372d88f30fbb845\COMCTL32.dll
0x000007feff8c0000 - 0x000007feff931000 	C:\Windows\system32\SHLWAPI.dll
0x000007fefe090000 - 0x000007fefe0be000 	C:\Windows\system32\IMM32.DLL
0x000007fefda30000 - 0x000007fefdb3b000 	C:\Windows\system32\MSCTF.dll
0x0000000074510000 - 0x00000000745e2000 	D:\dev\java\jdk\jre\bin\msvcr100.dll
0x0000000072900000 - 0x00000000731ab000 	D:\dev\java\jdk\jre\bin\server\jvm.dll
0x000007fef8e40000 - 0x000007fef8e49000 	C:\Windows\system32\WSOCK32.dll
0x000007feff870000 - 0x000007feff8bd000 	C:\Windows\system32\WS2_32.dll
0x000007feff4e0000 - 0x000007feff4e8000 	C:\Windows\system32\NSI.dll
0x000007fef83a0000 - 0x000007fef83db000 	C:\Windows\system32\WINMM.dll
0x000007fefc750000 - 0x000007fefc75c000 	C:\Windows\system32\VERSION.dll
0x0000000077cd0000 - 0x0000000077cd7000 	C:\Windows\system32\PSAPI.DLL
0x000007fefbcb0000 - 0x000007fefbcbf000 	D:\dev\java\jdk\jre\bin\verify.dll
0x000007fef3e10000 - 0x000007fef3e39000 	D:\dev\java\jdk\jre\bin\java.dll
0x000007fef1620000 - 0x000007fef1655000 	D:\dev\java\jdk\jre\bin\jdwp.dll
0x000007fef8d40000 - 0x000007fef8d48000 	D:\dev\java\jdk\jre\bin\npt.dll
0x000007fef1670000 - 0x000007fef1693000 	D:\dev\java\jdk\jre\bin\instrument.dll
0x000007fef32c0000 - 0x000007fef32d6000 	D:\dev\java\jdk\jre\bin\zip.dll
0x000007fefe180000 - 0x000007fefef0b000 	C:\Windows\system32\SHELL32.dll
0x000007fefde90000 - 0x000007fefe08f000 	C:\Windows\system32\ole32.dll
0x000007fefd680000 - 0x000007fefd68f000 	C:\Windows\system32\profapi.dll
0x000007fef8f00000 - 0x000007fef8f09000 	D:\dev\java\jdk\jre\bin\dt_socket.dll
0x000007fefb3e0000 - 0x000007fefb3f5000 	C:\Windows\system32\NLAapi.dll
0x000007fef8380000 - 0x000007fef8395000 	C:\Windows\system32\napinsp.dll
0x000007fef8360000 - 0x000007fef8379000 	C:\Windows\system32\pnrpnsp.dll
0x000007fefcdb0000 - 0x000007fefce05000 	C:\Windows\System32\mswsock.dll
0x000007fefcc30000 - 0x000007fefcc8b000 	C:\Windows\system32\DNSAPI.dll
0x000007fef8350000 - 0x000007fef835b000 	C:\Windows\System32\winrnr.dll
0x000007fefb380000 - 0x000007fefb3a7000 	C:\Windows\system32\IPHLPAPI.DLL
0x000007fefb360000 - 0x000007fefb36b000 	C:\Windows\system32\WINNSI.DLL
0x000007fefada0000 - 0x000007fefadf3000 	C:\Windows\System32\fwpuclnt.dll
0x000007fef94f0000 - 0x000007fef94f8000 	C:\Windows\system32\rasadhlp.dll
0x000007fefc820000 - 0x000007fefc827000 	C:\Windows\System32\wshtcpip.dll
0x000007fef3900000 - 0x000007fef3a25000 	C:\Windows\system32\dbghelp.dll

VM Arguments:
jvm_args: -agentlib:jdwp=transport=dt_socket,suspend=y,address=localhost:51152 -javaagent:D:\dev\eclipse\eclipse\configuration\org.eclipse.osgi\411\0\.cp\lib\javaagent-shaded.jar -Dfile.encoding=UTF-8 
java_command: Java0508.ex02_day01
java_class_path (initial): D:\dev\mywork\JavaClass\bin;D:\dev\eclipse\eclipse\configuration\org.eclipse.osgi\411\0\.cp\lib\javaagent-shaded.jar
Launcher Type: SUN_STANDARD

Environment Variables:
JAVA_HOME=D:\dev\java\jdk
PATH=D:\dev\java\jdk\jre\bin;D:/dev/java/jdk/bin/../jre/bin/server;D:/dev/java/jdk/bin/../jre/bin;D:/dev/java/jdk/bin/../jre/lib/amd64;D:\dev\java\jdk\bin;C:\Program Files (x86)\Common Files\Oracle\Java\javapath;C:\Windows\system32;C:\Windows;C:\Windows\System32\Wbem;C:\Windows\System32\WindowsPowerShell\v1.0\;C:\Users\1\AppData\Local\Programs\Python\Python38-32\Scripts\;C:\Users\1\AppData\Local\Programs\Python\Python38-32\;C:\Users\1\Desktop;
USERNAME=1
OS=Windows_NT
PROCESSOR_IDENTIFIER=Intel64 Family 6 Model 42 Stepping 7, GenuineIntel



---------------  S Y S T E M  ---------------

OS: Windows 7 , 64 bit Build 7601 (6.1.7601.24545)

CPU:total 4 (initial active 4) (4 cores per cpu, 1 threads per core) family 6 model 42 stepping 7, cmov, cx8, fxsr, mmx, sse, sse2, sse3, ssse3, sse4.1, sse4.2, popcnt, avx, aes, clmul, tsc, tscinvbit

Memory: 4k page, physical 8296932k(5839648k free), swap 16591964k(13964768k free)

vm_info: Java HotSpot(TM) 64-Bit Server VM (25.251-b08) for windows-amd64 JRE (1.8.0_251-b08), built on Mar 12 2020 06:31:49 by "" with MS VC++ 10.0 (VS2010)

time: Fri May 08 14:57:13 2020
timezone: 대한민국 표준시
elapsed time: 985 seconds (0d 0h 16m 25s)

